/usr/local/rvm/gems/ruby-3.1.2/gems/bundler-2.5.3/lib/bundler/definition.rb:465:in `validate_ruby!': Your Ruby version is 3.1.2, but your Gemfile specified 3.3.0 (Bundler::RubyVersionMismatch)
	from /usr/local/rvm/gems/ruby-3.1.2/gems/bundler-2.5.3/lib/bundler/definition.rb:440:in `validate_runtime!'
	from /usr/local/rvm/gems/ruby-3.1.2/gems/bundler-2.5.3/lib/bundler.rb:156:in `setup'
	from /usr/local/rvm/gems/ruby-3.1.2/gems/bundler-2.5.3/lib/bundler/setup.rb:26:in `block in <top (required)>'
	from /usr/local/rvm/gems/ruby-3.1.2/gems/bundler-2.5.3/lib/bundler/ui/shell.rb:159:in `with_level'
	from /usr/local/rvm/gems/ruby-3.1.2/gems/bundler-2.5.3/lib/bundler/ui/shell.rb:111:in `silence'
	from /usr/local/rvm/gems/ruby-3.1.2/gems/bundler-2.5.3/lib/bundler/setup.rb:26:in `<top (required)>'
	from <internal:/usr/local/rvm/rubies/ruby-3.1.2/lib/ruby/3.1.0/rubygems/core_ext/kernel_require.rb>:85:in `require'
	from <internal:/usr/local/rvm/rubies/ruby-3.1.2/lib/ruby/3.1.0/rubygems/core_ext/kernel_require.rb>:85:in `require'
	from /root/nih/Projeto/config/boot.rb:3:in `<top (required)>'
	from bin/rails:3:in `require_relative'
	from bin/rails:3:in `<main>'
/usr/local/rvm/gems/ruby-3.1.2/gems/bundler-2.5.3/lib/bundler/definition.rb:465:in `validate_ruby!': Your Ruby version is 3.1.2, but your Gemfile specified 3.3.0 (Bundler::RubyVersionMismatch)
	from /usr/local/rvm/gems/ruby-3.1.2/gems/bundler-2.5.3/lib/bundler/definition.rb:440:in `validate_runtime!'
	from /usr/local/rvm/gems/ruby-3.1.2/gems/bundler-2.5.3/lib/bundler.rb:156:in `setup'
	from /usr/local/rvm/gems/ruby-3.1.2/gems/bundler-2.5.3/lib/bundler/setup.rb:26:in `block in <top (required)>'
	from /usr/local/rvm/gems/ruby-3.1.2/gems/bundler-2.5.3/lib/bundler/ui/shell.rb:159:in `with_level'
	from /usr/local/rvm/gems/ruby-3.1.2/gems/bundler-2.5.3/lib/bundler/ui/shell.rb:111:in `silence'
	from /usr/local/rvm/gems/ruby-3.1.2/gems/bundler-2.5.3/lib/bundler/setup.rb:26:in `<top (required)>'
	from <internal:/usr/local/rvm/rubies/ruby-3.1.2/lib/ruby/3.1.0/rubygems/core_ext/kernel_require.rb>:85:in `require'
	from <internal:/usr/local/rvm/rubies/ruby-3.1.2/lib/ruby/3.1.0/rubygems/core_ext/kernel_require.rb>:85:in `require'
	from /root/nih/Projeto/config/boot.rb:3:in `<top (required)>'
	from bin/rails:3:in `require_relative'
	from bin/rails:3:in `<main>'
/usr/local/rvm/gems/ruby-3.1.2/gems/bundler-2.5.3/lib/bundler/definition.rb:465:in `validate_ruby!': Your Ruby version is 3.1.2, but your Gemfile specified 3.3.0 (Bundler::RubyVersionMismatch)
	from /usr/local/rvm/gems/ruby-3.1.2/gems/bundler-2.5.3/lib/bundler/definition.rb:440:in `validate_runtime!'
	from /usr/local/rvm/gems/ruby-3.1.2/gems/bundler-2.5.3/lib/bundler.rb:156:in `setup'
	from /usr/local/rvm/gems/ruby-3.1.2/gems/bundler-2.5.3/lib/bundler/setup.rb:26:in `block in <top (required)>'
	from /usr/local/rvm/gems/ruby-3.1.2/gems/bundler-2.5.3/lib/bundler/ui/shell.rb:159:in `with_level'
	from /usr/local/rvm/gems/ruby-3.1.2/gems/bundler-2.5.3/lib/bundler/ui/shell.rb:111:in `silence'
	from /usr/local/rvm/gems/ruby-3.1.2/gems/bundler-2.5.3/lib/bundler/setup.rb:26:in `<top (required)>'
	from <internal:/usr/local/rvm/rubies/ruby-3.1.2/lib/ruby/3.1.0/rubygems/core_ext/kernel_require.rb>:85:in `require'
	from <internal:/usr/local/rvm/rubies/ruby-3.1.2/lib/ruby/3.1.0/rubygems/core_ext/kernel_require.rb>:85:in `require'
	from /root/nih/Projeto/config/boot.rb:3:in `<top (required)>'
	from bin/rails:3:in `require_relative'
	from bin/rails:3:in `<main>'
/usr/local/rvm/gems/ruby-3.1.2/gems/bundler-2.5.3/lib/bundler/definition.rb:465:in `validate_ruby!': Your Ruby version is 3.1.2, but your Gemfile specified 3.3.0 (Bundler::RubyVersionMismatch)
	from /usr/local/rvm/gems/ruby-3.1.2/gems/bundler-2.5.3/lib/bundler/definition.rb:440:in `validate_runtime!'
	from /usr/local/rvm/gems/ruby-3.1.2/gems/bundler-2.5.3/lib/bundler.rb:156:in `setup'
	from /usr/local/rvm/gems/ruby-3.1.2/gems/bundler-2.5.3/lib/bundler/setup.rb:26:in `block in <top (required)>'
	from /usr/local/rvm/gems/ruby-3.1.2/gems/bundler-2.5.3/lib/bundler/ui/shell.rb:159:in `with_level'
	from /usr/local/rvm/gems/ruby-3.1.2/gems/bundler-2.5.3/lib/bundler/ui/shell.rb:111:in `silence'
	from /usr/local/rvm/gems/ruby-3.1.2/gems/bundler-2.5.3/lib/bundler/setup.rb:26:in `<top (required)>'
	from <internal:/usr/local/rvm/rubies/ruby-3.1.2/lib/ruby/3.1.0/rubygems/core_ext/kernel_require.rb>:85:in `require'
	from <internal:/usr/local/rvm/rubies/ruby-3.1.2/lib/ruby/3.1.0/rubygems/core_ext/kernel_require.rb>:85:in `require'
	from /root/nih/Projeto/config/boot.rb:3:in `<top (required)>'
	from bin/rails:3:in `require_relative'
	from bin/rails:3:in `<main>'
=> Booting Puma
=> Rails 7.0.8 application starting in development 
=> Run `bin/rails server --help` for more startup options
Exiting
/usr/local/rvm/rubies/ruby-3.3.0/lib/ruby/3.3.0/uri/generic.rb:601:in `check_host': bad component(expected host component): [0.0.0.0:3030] (URI::InvalidComponentError)
	from /usr/local/rvm/rubies/ruby-3.3.0/lib/ruby/3.3.0/uri/generic.rb:640:in `host='
	from /usr/local/rvm/rubies/ruby-3.3.0/lib/ruby/3.3.0/uri/generic.rb:673:in `hostname='
	from /usr/local/rvm/rubies/ruby-3.3.0/lib/ruby/3.3.0/uri/generic.rb:190:in `initialize'
	from /usr/local/rvm/rubies/ruby-3.3.0/lib/ruby/3.3.0/uri/generic.rb:136:in `new'
	from /usr/local/rvm/rubies/ruby-3.3.0/lib/ruby/3.3.0/uri/generic.rb:136:in `build'
	from /usr/local/rvm/gems/ruby-3.3.0/gems/puma-5.6.8/lib/puma/dsl.rb:266:in `port'
	from /usr/local/rvm/gems/ruby-3.3.0/gems/puma-5.6.8/lib/rack/handler/puma.rb:106:in `set_host_port_to_config'
	from /usr/local/rvm/gems/ruby-3.3.0/gems/puma-5.6.8/lib/rack/handler/puma.rb:50:in `block in config'
	from /usr/local/rvm/gems/ruby-3.3.0/gems/puma-5.6.8/lib/puma/configuration.rb:162:in `configure'
	from /usr/local/rvm/gems/ruby-3.3.0/gems/puma-5.6.8/lib/puma/configuration.rb:155:in `initialize'
	from /usr/local/rvm/gems/ruby-3.3.0/gems/puma-5.6.8/lib/rack/handler/puma.rb:32:in `new'
	from /usr/local/rvm/gems/ruby-3.3.0/gems/puma-5.6.8/lib/rack/handler/puma.rb:32:in `config'
	from /usr/local/rvm/gems/ruby-3.3.0/gems/puma-5.6.8/lib/rack/handler/puma.rb:64:in `run'
	from /usr/local/rvm/gems/ruby-3.3.0/gems/rack-2.2.8/lib/rack/server.rb:327:in `start'
	from /usr/local/rvm/gems/ruby-3.3.0/gems/railties-7.0.8/lib/rails/commands/server/server_command.rb:38:in `start'
	from /usr/local/rvm/gems/ruby-3.3.0/gems/railties-7.0.8/lib/rails/commands/server/server_command.rb:143:in `block in perform'
	from <internal:kernel>:90:in `tap'
	from /usr/local/rvm/gems/ruby-3.3.0/gems/railties-7.0.8/lib/rails/commands/server/server_command.rb:134:in `perform'
	from /usr/local/rvm/gems/ruby-3.3.0/gems/thor-1.3.0/lib/thor/command.rb:28:in `run'
	from /usr/local/rvm/gems/ruby-3.3.0/gems/thor-1.3.0/lib/thor/invocation.rb:127:in `invoke_command'
	from /usr/local/rvm/gems/ruby-3.3.0/gems/thor-1.3.0/lib/thor.rb:527:in `dispatch'
	from /usr/local/rvm/gems/ruby-3.3.0/gems/railties-7.0.8/lib/rails/command/base.rb:87:in `perform'
	from /usr/local/rvm/gems/ruby-3.3.0/gems/railties-7.0.8/lib/rails/command.rb:48:in `invoke'
	from /usr/local/rvm/gems/ruby-3.3.0/gems/railties-7.0.8/lib/rails/commands.rb:18:in `<main>'
	from /usr/local/rvm/rubies/ruby-3.3.0/lib/ruby/3.3.0/bundled_gems.rb:74:in `require'
	from /usr/local/rvm/rubies/ruby-3.3.0/lib/ruby/3.3.0/bundled_gems.rb:74:in `block (2 levels) in replace_require'
	from /usr/local/rvm/gems/ruby-3.3.0/gems/bootsnap-1.17.0/lib/bootsnap/load_path_cache/core_ext/kernel_require.rb:32:in `require'
	from bin/rails:4:in `<main>'
=> Booting Puma
=> Rails 7.0.8 application starting in development 
=> Run `bin/rails server --help` for more startup options
Exiting
/usr/local/rvm/rubies/ruby-3.3.0/lib/ruby/3.3.0/uri/generic.rb:601:in `check_host': bad component(expected host component): [0.0.0.0:3030] (URI::InvalidComponentError)
	from /usr/local/rvm/rubies/ruby-3.3.0/lib/ruby/3.3.0/uri/generic.rb:640:in `host='
	from /usr/local/rvm/rubies/ruby-3.3.0/lib/ruby/3.3.0/uri/generic.rb:673:in `hostname='
	from /usr/local/rvm/rubies/ruby-3.3.0/lib/ruby/3.3.0/uri/generic.rb:190:in `initialize'
	from /usr/local/rvm/rubies/ruby-3.3.0/lib/ruby/3.3.0/uri/generic.rb:136:in `new'
	from /usr/local/rvm/rubies/ruby-3.3.0/lib/ruby/3.3.0/uri/generic.rb:136:in `build'
	from /usr/local/rvm/gems/ruby-3.3.0/gems/puma-5.6.8/lib/puma/dsl.rb:266:in `port'
	from /usr/local/rvm/gems/ruby-3.3.0/gems/puma-5.6.8/lib/rack/handler/puma.rb:106:in `set_host_port_to_config'
	from /usr/local/rvm/gems/ruby-3.3.0/gems/puma-5.6.8/lib/rack/handler/puma.rb:50:in `block in config'
	from /usr/local/rvm/gems/ruby-3.3.0/gems/puma-5.6.8/lib/puma/configuration.rb:162:in `configure'
	from /usr/local/rvm/gems/ruby-3.3.0/gems/puma-5.6.8/lib/puma/configuration.rb:155:in `initialize'
	from /usr/local/rvm/gems/ruby-3.3.0/gems/puma-5.6.8/lib/rack/handler/puma.rb:32:in `new'
	from /usr/local/rvm/gems/ruby-3.3.0/gems/puma-5.6.8/lib/rack/handler/puma.rb:32:in `config'
	from /usr/local/rvm/gems/ruby-3.3.0/gems/puma-5.6.8/lib/rack/handler/puma.rb:64:in `run'
	from /usr/local/rvm/gems/ruby-3.3.0/gems/rack-2.2.8/lib/rack/server.rb:327:in `start'
	from /usr/local/rvm/gems/ruby-3.3.0/gems/railties-7.0.8/lib/rails/commands/server/server_command.rb:38:in `start'
	from /usr/local/rvm/gems/ruby-3.3.0/gems/railties-7.0.8/lib/rails/commands/server/server_command.rb:143:in `block in perform'
	from <internal:kernel>:90:in `tap'
	from /usr/local/rvm/gems/ruby-3.3.0/gems/railties-7.0.8/lib/rails/commands/server/server_command.rb:134:in `perform'
	from /usr/local/rvm/gems/ruby-3.3.0/gems/thor-1.3.0/lib/thor/command.rb:28:in `run'
	from /usr/local/rvm/gems/ruby-3.3.0/gems/thor-1.3.0/lib/thor/invocation.rb:127:in `invoke_command'
	from /usr/local/rvm/gems/ruby-3.3.0/gems/thor-1.3.0/lib/thor.rb:527:in `dispatch'
	from /usr/local/rvm/gems/ruby-3.3.0/gems/railties-7.0.8/lib/rails/command/base.rb:87:in `perform'
	from /usr/local/rvm/gems/ruby-3.3.0/gems/railties-7.0.8/lib/rails/command.rb:48:in `invoke'
	from /usr/local/rvm/gems/ruby-3.3.0/gems/railties-7.0.8/lib/rails/commands.rb:18:in `<main>'
	from /usr/local/rvm/rubies/ruby-3.3.0/lib/ruby/3.3.0/bundled_gems.rb:74:in `require'
	from /usr/local/rvm/rubies/ruby-3.3.0/lib/ruby/3.3.0/bundled_gems.rb:74:in `block (2 levels) in replace_require'
	from /usr/local/rvm/gems/ruby-3.3.0/gems/bootsnap-1.17.0/lib/bootsnap/load_path_cache/core_ext/kernel_require.rb:32:in `require'
	from bin/rails:4:in `<main>'
=> Booting Puma
=> Rails 7.0.8 application starting in development 
=> Run `bin/rails server --help` for more startup options
Puma starting in single mode...
* Puma version: 5.6.8 (ruby 3.3.0-p0) ("Birdie's Version")
*  Min threads: 5
*  Max threads: 5
*  Environment: development
*          PID: 12530
* Listening on http://0.0.0.0:3030
Use Ctrl-C to stop
Started GET "/" for 187.122.63.249 at 2024-01-12 23:06:23 -0300
Cannot render console from 187.122.63.249! Allowed networks: 127.0.0.0/127.255.255.255, ::1
  [1m[36mActiveRecord::SchemaMigration Pluck (0.1ms)[0m  [1m[34mSELECT "schema_migrations"."version" FROM "schema_migrations" ORDER BY "schema_migrations"."version" ASC[0m
Processing by HomeController#index as HTML
  Rendering layout layouts/application.html.erb
  Rendering home/index.html.erb within layouts/application
  Rendered home/index.html.erb within layouts/application (Duration: 49.6ms | Allocations: 20095)
  Rendered layouts/_menu.html.erb (Duration: 0.5ms | Allocations: 159)
  Rendered layout layouts/application.html.erb (Duration: 55.4ms | Allocations: 22460)
Completed 200 OK in 63ms (Views: 57.5ms | ActiveRecord: 0.0ms | Allocations: 26430)


